<?xml version="1.0" encoding="UTF-8"?>
<!-- Generated by org.testng.reporters.JUnitXMLReporter -->
<testsuite ignored="0" hostname="IN-5CG1416BH0" failures="0" tests="4" name="Default test" time="1.696" errors="0" timestamp="2023-09-29T07:11:31 IST">
  <testcase classname="Day2.HTTTPRequest" name="getUser" time="1.251"/>
  <testcase classname="Day2.HTTTPRequest" name="createUser" time="0.329"/>
  <testcase classname="Day2.HTTTPRequest" name="updateUser" time="0.038"/>
  <testcase classname="Day2.HTTTPRequest" name="deleteUser" time="0.019"/>
</testsuite> <!-- Default test -->
